<?xml version="1.0" encoding="UTF-8"?>
<!-- Generated by org.testng.reporters.JUnitReportReporter -->
<testsuite name="mavepro.mavepro.RaterSummaryTest" tests="2" time="2.769" ignored="12" failures="0" timestamp="14 Dec 2017 12:47:27 GMT" skipped="0" hostname="ws-43" errors="0">
  <testcase name="verifyRaterSummaryInformation" time="1.669" classname="mavepro.mavepro.RaterSummaryTest"/>
  <testcase name="verifyRaterSummaryInformation" time="1.100" classname="mavepro.mavepro.RaterSummaryTest"/>
  <testcase name="appiumTestSetUp" classname="mavepro.mavepro.AbstractTest">
    <skipped/>
  </testcase> <!-- appiumTestSetUp -->
  <testcase name="appiumTestSetUp" classname="mavepro.mavepro.AbstractTest">
    <skipped/>
  </testcase> <!-- appiumTestSetUp -->
  <testcase name="appiumTestSetUp" classname="mavepro.mavepro.AbstractTest">
    <skipped/>
  </testcase> <!-- appiumTestSetUp -->
  <testcase name="appiumTestSetUp" classname="mavepro.mavepro.AbstractTest">
    <skipped/>
  </testcase> <!-- appiumTestSetUp -->
  <testcase name="appiumTestTearDown" classname="mavepro.mavepro.AbstractTest">
    <skipped/>
  </testcase> <!-- appiumTestTearDown -->
  <testcase name="appiumTestTearDown" classname="mavepro.mavepro.AbstractTest">
    <skipped/>
  </testcase> <!-- appiumTestTearDown -->
  <testcase name="appiumTestTearDown" classname="mavepro.mavepro.AbstractTest">
    <skipped/>
  </testcase> <!-- appiumTestTearDown -->
  <testcase name="appiumTestTearDown" classname="mavepro.mavepro.AbstractTest">
    <skipped/>
  </testcase> <!-- appiumTestTearDown -->
  <testcase name="beforeSuite" classname="mavepro.mavepro.AbstractTest">
    <skipped/>
  </testcase> <!-- beforeSuite -->
  <testcase name="beforeSuite" classname="mavepro.mavepro.AbstractTest">
    <skipped/>
  </testcase> <!-- beforeSuite -->
  <testcase name="beforeSuite" classname="mavepro.mavepro.AbstractTest">
    <skipped/>
  </testcase> <!-- beforeSuite -->
  <testcase name="beforeSuite" classname="mavepro.mavepro.AbstractTest">
    <skipped/>
  </testcase> <!-- beforeSuite -->
</testsuite> <!-- mavepro.mavepro.RaterSummaryTest -->
